# JRE version: OpenJDK Runtime Environment (8.0_472-b08) (build 1.8.0_472-8u472-ga-1~24.04-b08)
# Java VM: OpenJDK 64-Bit Server VM (25.472-b08 mixed mode linux-amd64 compressed oops)
Heap:
 PSYoungGen      total 166400K, used 75145K [0x00000000d5580000, 0x00000000e7480000, 0x0000000100000000)
  eden space 151552K, 49% used [0x00000000d5580000,0x00000000d9ee24c8,0x00000000de980000)
  from space 14848K, 0% used [0x00000000e6600000,0x00000000e6600000,0x00000000e7480000)
  to   space 20992K, 0% used [0x00000000e4b80000,0x00000000e4b80000,0x00000000e6000000)
 ParOldGen       total 398848K, used 18927K [0x0000000080000000, 0x0000000098580000, 0x00000000d5580000)
  object space 398848K, 4% used [0x0000000080000000,0x000000008127bdf8,0x0000000098580000)
 Metaspace       used 44604K, capacity 45116K, committed 45696K, reserved 1089536K
  class space    used 5038K, capacity 5182K, committed 5248K, reserved 1048576K
GC Heap History (8 events):
Event: 0.382 GC heap before
{Heap before GC invocations=1 (full 0):
 PSYoungGen      total 150016K, used 59402K [0x00000000d5580000, 0x00000000dfc80000, 0x0000000100000000)
  eden space 129024K, 46% used [0x00000000d5580000,0x00000000d8f82ad8,0x00000000dd380000)
  from space 20992K, 0% used [0x00000000de800000,0x00000000de800000,0x00000000dfc80000)
  to   space 20992K, 0% used [0x00000000dd380000,0x00000000dd380000,0x00000000de800000)
 ParOldGen       total 343040K, used 0K [0x0000000080000000, 0x0000000094f00000, 0x00000000d5580000)
  object space 343040K, 0% used [0x0000000080000000,0x0000000080000000,0x0000000094f00000)
 Metaspace       used 20780K, capacity 21032K, committed 21296K, reserved 1069056K
  class space    used 2265K, capacity 2350K, committed 2432K, reserved 1048576K
Event: 0.387 GC heap after
Heap after GC invocations=1 (full 0):
 PSYoungGen      total 150016K, used 8455K [0x00000000d5580000, 0x00000000e7a80000, 0x0000000100000000)
  eden space 129024K, 0% used [0x00000000d5580000,0x00000000d5580000,0x00000000dd380000)
  from space 20992K, 40% used [0x00000000dd380000,0x00000000ddbc1df0,0x00000000de800000)
  to   space 20992K, 0% used [0x00000000e6600000,0x00000000e6600000,0x00000000e7a80000)
 ParOldGen       total 343040K, used 16K [0x0000000080000000, 0x0000000094f00000, 0x00000000d5580000)
  object space 343040K, 0% used [0x0000000080000000,0x0000000080004000,0x0000000094f00000)
 Metaspace       used 20780K, capacity 21032K, committed 21296K, reserved 1069056K
  class space    used 2265K, capacity 2350K, committed 2432K, reserved 1048576K
}
Event: 0.387 GC heap before
{Heap before GC invocations=2 (full 1):
 PSYoungGen      total 150016K, used 8455K [0x00000000d5580000, 0x00000000e7a80000, 0x0000000100000000)
  eden space 129024K, 0% used [0x00000000d5580000,0x00000000d5580000,0x00000000dd380000)
  from space 20992K, 40% used [0x00000000dd380000,0x00000000ddbc1df0,0x00000000de800000)
  to   space 20992K, 0% used [0x00000000e6600000,0x00000000e6600000,0x00000000e7a80000)
 ParOldGen       total 343040K, used 16K [0x0000000080000000, 0x0000000094f00000, 0x00000000d5580000)
  object space 343040K, 0% used [0x0000000080000000,0x0000000080004000,0x0000000094f00000)
 Metaspace       used 20780K, capacity 21032K, committed 21296K, reserved 1069056K
  class space    used 2265K, capacity 2350K, committed 2432K, reserved 1048576K
Event: 0.401 GC heap after
Heap after GC invocations=2 (full 1):
 PSYoungGen      total 150016K, used 0K [0x00000000d5580000, 0x00000000e7a80000, 0x0000000100000000)
  eden space 129024K, 0% used [0x00000000d5580000,0x00000000d5580000,0x00000000dd380000)
  from space 20992K, 0% used [0x00000000dd380000,0x00000000dd380000,0x00000000de800000)
  to   space 20992K, 0% used [0x00000000e6600000,0x00000000e6600000,0x00000000e7a80000)
 ParOldGen       total 229376K, used 8054K [0x0000000080000000, 0x000000008e000000, 0x00000000d5580000)
  object space 229376K, 3% used [0x0000000080000000,0x00000000807ddb80,0x000000008e000000)
 Metaspace       used 20780K, capacity 21032K, committed 21296K, reserved 1069056K
  class space    used 2265K, capacity 2350K, committed 2432K, reserved 1048576K
}
Event: 17.225 GC heap before
{Heap before GC invocations=3 (full 1):
 PSYoungGen      total 150016K, used 114666K [0x00000000d5580000, 0x00000000e7a80000, 0x0000000100000000)
  eden space 129024K, 88% used [0x00000000d5580000,0x00000000dc57aa78,0x00000000dd380000)
  from space 20992K, 0% used [0x00000000dd380000,0x00000000dd380000,0x00000000de800000)
  to   space 20992K, 0% used [0x00000000e6600000,0x00000000e6600000,0x00000000e7a80000)
 ParOldGen       total 229376K, used 8054K [0x0000000080000000, 0x000000008e000000, 0x00000000d5580000)
  object space 229376K, 3% used [0x0000000080000000,0x00000000807ddb80,0x000000008e000000)
 Metaspace       used 34756K, capacity 35172K, committed 35456K, reserved 1081344K
  class space    used 4270K, capacity 4413K, committed 4480K, reserved 1048576K
Event: 17.232 GC heap after
Heap after GC invocations=3 (full 1):
 PSYoungGen      total 166400K, used 14413K [0x00000000d5580000, 0x00000000e7480000, 0x0000000100000000)
  eden space 151552K, 0% used [0x00000000d5580000,0x00000000d5580000,0x00000000de980000)
  from space 14848K, 97% used [0x00000000e6600000,0x00000000e7413500,0x00000000e7480000)
  to   space 20992K, 0% used [0x00000000e4b80000,0x00000000e4b80000,0x00000000e6000000)
 ParOldGen       total 229376K, used 8062K [0x0000000080000000, 0x000000008e000000, 0x00000000d5580000)
  object space 229376K, 3% used [0x0000000080000000,0x00000000807dfb80,0x000000008e000000)
 Metaspace       used 34756K, capacity 35172K, committed 35456K, reserved 1081344K
  class space    used 4270K, capacity 4413K, committed 4480K, reserved 1048576K
}
Event: 17.232 GC heap before
{Heap before GC invocations=4 (full 2):
 PSYoungGen      total 166400K, used 14413K [0x00000000d5580000, 0x00000000e7480000, 0x0000000100000000)
  eden space 151552K, 0% used [0x00000000d5580000,0x00000000d5580000,0x00000000de980000)
  from space 14848K, 97% used [0x00000000e6600000,0x00000000e7413500,0x00000000e7480000)
  to   space 20992K, 0% used [0x00000000e4b80000,0x00000000e4b80000,0x00000000e6000000)
 ParOldGen       total 229376K, used 8062K [0x0000000080000000, 0x000000008e000000, 0x00000000d5580000)
  object space 229376K, 3% used [0x0000000080000000,0x00000000807dfb80,0x000000008e000000)
 Metaspace       used 34756K, capacity 35172K, committed 35456K, reserved 1081344K
  class space    used 4270K, capacity 4413K, committed 4480K, reserved 1048576K
Event: 17.253 GC heap after
Heap after GC invocations=4 (full 2):
 PSYoungGen      total 166400K, used 0K [0x00000000d5580000, 0x00000000e7480000, 0x0000000100000000)
  eden space 151552K, 0% used [0x00000000d5580000,0x00000000d5580000,0x00000000de980000)
  from space 14848K, 0% used [0x00000000e6600000,0x00000000e6600000,0x00000000e7480000)
  to   space 20992K, 0% used [0x00000000e4b80000,0x00000000e4b80000,0x00000000e6000000)
 ParOldGen       total 398848K, used 18927K [0x0000000080000000, 0x0000000098580000, 0x00000000d5580000)
  object space 398848K, 4% used [0x0000000080000000,0x000000008127bdf8,0x0000000098580000)
 Metaspace       used 34756K, capacity 35172K, committed 35456K, reserved 1081344K
  class space    used 4270K, capacity 4413K, committed 4480K, reserved 1048576K
}

